<?xml version="1.0" encoding="UTF-8"?>
<!-- Generated by org.testng.reporters.JUnitReportReporter -->
<testsuite skipped="2" hostname="LAPTOP-SB048Q3R" name="oneHundred.ExcelDataOneHundred.ReadingFromExce" tests="3" failures="0" timestamp="01 Jan 2019 20:10:09 GMT" time="0.951" errors="0">
  <testcase name="writeDataInExcel" time="0.951" classname="oneHundred.ExcelDataOneHundred.ReadingFromExce"/>
  <testcase name="creatNewExcelFile" classname="oneHundred.ExcelDataOneHundred.ReadingFromExce">
    <skipped/>
  </testcase> <!-- creatNewExcelFile -->
  <testcase name="readingExcel" classname="oneHundred.ExcelDataOneHundred.ReadingFromExce">
    <skipped/>
  </testcase> <!-- readingExcel -->
</testsuite> <!-- oneHundred.ExcelDataOneHundred.ReadingFromExce -->
